<?xml version="1.0" encoding="UTF-8"?>
<!-- Generated by org.testng.reporters.JUnitReportReporter -->
<testsuite skipped="0" hostname="LAPTOP-POO0RNE1" name="com.qa.test.CreateWorkerTest" tests="4" failures="0" timestamp="09 May 2021 11:36:51 GMT" time="26.020" errors="0">
  <testcase name="verifyLogin" time="3.394" classname="com.qa.test.CreateWorkerTest"/>
  <testcase name="verifyWorkerDashboard" time="4.848" classname="com.qa.test.CreateWorkerTest"/>
  <testcase name="verifyAddWorker" time="4.001" classname="com.qa.test.CreateWorkerTest"/>
  <testcase name="verifyAddWorkerdata" time="13.777" classname="com.qa.test.CreateWorkerTest"/>
</testsuite> <!-- com.qa.test.CreateWorkerTest -->
