<?xml version="1.0" encoding="UTF-8"?>
<!-- Generated by org.testng.reporters.JUnitReportReporter -->
<testsuite skipped="0" hostname="LAPTOP-POO0RNE1" name="com.qa.test.WorkerTest" tests="6" failures="0" timestamp="09 May 2021 11:39:15 GMT" time="53.578" errors="0">
  <testcase name="verifyLogin" time="4.051" classname="com.qa.test.WorkerTest"/>
  <testcase name="verifyWorkerDashboard" time="5.549" classname="com.qa.test.WorkerTest"/>
  <testcase name="verifyWorkerSearch" time="4.524" classname="com.qa.test.WorkerTest"/>
  <testcase name="verifyWorkerUpdate" time="17.033" classname="com.qa.test.WorkerTest"/>
  <testcase name="verifyWorkerView" time="11.926" classname="com.qa.test.WorkerTest"/>
  <testcase name="verifyWorkerDelete" time="10.495" classname="com.qa.test.WorkerTest"/>
</testsuite> <!-- com.qa.test.WorkerTest -->
