<?xml version="1.0" encoding="UTF-8"?>
<!-- Generated by org.testng.reporters.JUnitReportReporter -->
<testsuite skipped="0" hostname="LAPTOP-POO0RNE1" name="com.qa.test.LoginTest" tests="1" failures="0" timestamp="06 May 2021 02:53:56 GMT" time="6.163" errors="0">
  <testcase name="verifyLogin" time="6.163" classname="com.qa.test.LoginTest"/>
</testsuite> <!-- com.qa.test.LoginTest -->
